<?xml version="1.0" encoding="UTF-8"?>
<!-- Generated by org.testng.reporters.JUnitXMLReporter -->
<testsuite hostname="DESKTOP-L8DT6R0" ignored="0" name="Test" tests="1" failures="1" timestamp="20 Dec 2019 03:47:02 GMT" time="0.083" errors="0">
  <testcase name="show" time="0.0" classname="Com.abc.TestNG.Demo5">
    <failure type="org.testng.TestNGException" message="
Cannot inject @Test annotated Method [show] with [class java.lang.String, class java.lang.String, class java.lang.String].
For more information on native dependency injection please refer to http://testng.org/doc/documentation-main.html#native-dependency-injection">
      <![CDATA[org.testng.TestNGException: 
Cannot inject @Test annotated Method [show] with [class java.lang.String, class java.lang.String, class java.lang.String].
For more information on native dependency injection please refer to http://testng.org/doc/documentation-main.html#native-dependency-injection
... Removed 24 stack frames]]>
    </failure>
  </testcase> <!-- show -->
</testsuite> <!-- Test -->
